<?xml version="1.0" encoding="UTF-8"?>
<!-- Generated by org.testng.reporters.JUnitReportReporter -->
<testsuite skipped="0" hostname="QAPPS02" name="com.Multi_Browser_Cross_Browser_testing_in_TestNG.CrossBrowserScript" tests="1" failures="0" timestamp="04 Sep 2019 10:47:40 GMT" time="4.516" errors="0">
  <testcase name="Test1" time="4.516" classname="com.Multi_Browser_Cross_Browser_testing_in_TestNG.CrossBrowserScript"/>
</testsuite> <!-- com.Multi_Browser_Cross_Browser_testing_in_TestNG.CrossBrowserScript -->
